<?xml version="1.0" encoding="UTF-8"?>
<testng-results ignored="0" total="1" passed="1" failed="0" skipped="0">
  <reporter-output>
  </reporter-output>
  <suite started-at="2022-02-08T15:00:47 IST" name="Suite" finished-at="2022-02-08T15:01:14 IST" duration-ms="27114">
    <groups>
    </groups>
    <test started-at="2022-02-08T15:00:47 IST" name="Test" finished-at="2022-02-08T15:01:14 IST" duration-ms="27114">
      <class name="AmazonTestNG">
        <test-method is-config="true" signature="start(java.lang.String)[pri:0, instance:AmazonTestNG@29d89d5d]" started-at="2022-02-08T15:00:47 IST" name="start" finished-at="2022-02-08T15:00:52 IST" duration-ms="5260" status="PASS">
          <params>
            <param index="0">
              <value>
                <![CDATA[https://www.amazon.in/]]>
              </value>
            </param>
          </params>
          <reporter-output>
          </reporter-output>
        </test-method> <!-- start -->
        <test-method signature="addToCart(java.lang.String)[pri:0, instance:AmazonTestNG@29d89d5d]" started-at="2022-02-08T15:00:52 IST" name="addToCart" finished-at="2022-02-08T15:01:13 IST" duration-ms="20840" status="PASS">
          <params>
            <param index="0">
              <value>
                <![CDATA[oneplus earbuds]]>
              </value>
            </param>
          </params>
          <reporter-output>
          </reporter-output>
        </test-method> <!-- addToCart -->
        <test-method is-config="true" signature="stop()[pri:0, instance:AmazonTestNG@29d89d5d]" started-at="2022-02-08T15:01:13 IST" name="stop" finished-at="2022-02-08T15:01:14 IST" duration-ms="969" status="PASS">
          <reporter-output>
          </reporter-output>
        </test-method> <!-- stop -->
      </class> <!-- AmazonTestNG -->
    </test> <!-- Test -->
  </suite> <!-- Suite -->
</testng-results>
