<?xml version="1.0" encoding="UTF-8"?>
<!-- Generated by org.testng.reporters.JUnitXMLReporter -->
<testsuite ignored="0" hostname="DESKTOP-KPVRKRG" failures="0" tests="5" name="Test" time="30.742" errors="0" timestamp="2022-02-14T13:22:21 IST">
  <testcase classname="test.AmazonTest" name="email" time="2.746"/>
  <testcase classname="test.AmazonTest" name="password" time="0.14"/>
  <testcase classname="test.AmazonTest" name="HomePageOperation1" time="10.098"/>
  <testcase classname="test.AmazonTest" name="HomePageOperation2" time="0.473"/>
  <testcase classname="test.AmazonTest" name="addToCartOperation" time="7.848"/>
</testsuite> <!-- Test -->
