<?xml version="1.0" encoding="UTF-8"?>
<!-- Generated by org.testng.reporters.JUnitXMLReporter -->
<testsuite ignored="0" hostname="DESKTOP-KPVRKRG" failures="0" tests="3" name="Test" time="23.863" errors="0" timestamp="2022-02-11T17:16:45 IST">
  <testcase classname="test.AmazonTest" name="HomePageOperation1" time="5.993"/>
  <testcase classname="test.AmazonTest" name="HomePageOperation2" time="0.385"/>
  <testcase classname="test.AmazonTest" name="addToCartOperation" time="8.213"/>
</testsuite> <!-- Test -->
