<?xml version="1.0" encoding="UTF-8"?>
<testng-results ignored="0" total="5" passed="5" failed="0" skipped="0">
  <reporter-output>
  </reporter-output>
  <suite started-at="2022-02-14T13:21:50 IST" name="Suite" finished-at="2022-02-14T13:22:21 IST" duration-ms="30742">
    <groups>
    </groups>
    <test started-at="2022-02-14T13:21:50 IST" name="Test" finished-at="2022-02-14T13:22:21 IST" duration-ms="30742">
      <class name="test.AmazonTest">
        <test-method is-config="true" signature="driverInstance1(java.lang.String)[pri:0, instance:test.AmazonTest@76c3e77a]" started-at="2022-02-14T13:21:50 IST" name="driverInstance1" finished-at="2022-02-14T13:21:59 IST" duration-ms="9109" status="PASS">
          <params>
            <param index="0">
              <value>
                <![CDATA[https://www.amazon.in/]]>
              </value>
            </param>
          </params>
          <reporter-output>
          </reporter-output>
        </test-method> <!-- driverInstance1 -->
        <test-method signature="email(java.lang.String)[pri:0, instance:test.AmazonTest@76c3e77a]" started-at="2022-02-14T13:21:59 IST" name="email" finished-at="2022-02-14T13:22:02 IST" duration-ms="2746" status="PASS">
          <params>
            <param index="0">
              <value>
                <![CDATA[lordzeus4646@gmail.com]]>
              </value>
            </param>
          </params>
          <reporter-output>
          </reporter-output>
        </test-method> <!-- email -->
        <test-method signature="password(java.lang.String)[pri:1, instance:test.AmazonTest@76c3e77a]" started-at="2022-02-14T13:22:02 IST" name="password" finished-at="2022-02-14T13:22:02 IST" duration-ms="140" status="PASS">
          <params>
            <param index="0">
              <value>
                <![CDATA[Lord@123]]>
              </value>
            </param>
          </params>
          <reporter-output>
          </reporter-output>
        </test-method> <!-- password -->
        <test-method signature="HomePageOperation1(java.lang.String)[pri:2, instance:test.AmazonTest@76c3e77a]" started-at="2022-02-14T13:22:02 IST" name="HomePageOperation1" finished-at="2022-02-14T13:22:12 IST" duration-ms="10098" status="PASS">
          <params>
            <param index="0">
              <value>
                <![CDATA[oneplus earbuds]]>
              </value>
            </param>
          </params>
          <reporter-output>
          </reporter-output>
        </test-method> <!-- HomePageOperation1 -->
        <test-method signature="HomePageOperation2()[pri:3, instance:test.AmazonTest@76c3e77a]" started-at="2022-02-14T13:22:12 IST" name="HomePageOperation2" finished-at="2022-02-14T13:22:12 IST" duration-ms="473" status="PASS">
          <reporter-output>
          </reporter-output>
        </test-method> <!-- HomePageOperation2 -->
        <test-method signature="addToCartOperation()[pri:4, instance:test.AmazonTest@76c3e77a]" started-at="2022-02-14T13:22:13 IST" name="addToCartOperation" finished-at="2022-02-14T13:22:20 IST" duration-ms="7848" status="PASS">
          <reporter-output>
          </reporter-output>
        </test-method> <!-- addToCartOperation -->
        <test-method is-config="true" signature="stop()[pri:0, instance:test.AmazonTest@76c3e77a]" started-at="2022-02-14T13:22:20 IST" name="stop" finished-at="2022-02-14T13:22:21 IST" duration-ms="269" status="PASS">
          <reporter-output>
          </reporter-output>
        </test-method> <!-- stop -->
      </class> <!-- test.AmazonTest -->
    </test> <!-- Test -->
  </suite> <!-- Suite -->
</testng-results>
