<?xml version="1.0" encoding="UTF-8"?>
<testng-results ignored="0" total="3" passed="3" failed="0" skipped="0">
  <reporter-output>
  </reporter-output>
  <suite started-at="2022-02-11T17:16:22 IST" name="Suite" finished-at="2022-02-11T17:16:45 IST" duration-ms="23863">
    <groups>
    </groups>
    <test started-at="2022-02-11T17:16:22 IST" name="Test" finished-at="2022-02-11T17:16:45 IST" duration-ms="23863">
      <class name="test.AmazonTest">
        <test-method is-config="true" signature="driverInstance1(java.lang.String)[pri:0, instance:test.AmazonTest@57d7f8ca]" started-at="2022-02-11T17:16:22 IST" name="driverInstance1" finished-at="2022-02-11T17:16:31 IST" duration-ms="8885" status="PASS">
          <params>
            <param index="0">
              <value>
                <![CDATA[https://www.amazon.in/]]>
              </value>
            </param>
          </params>
          <reporter-output>
          </reporter-output>
        </test-method> <!-- driverInstance1 -->
        <test-method signature="HomePageOperation1(java.lang.String)[pri:0, instance:test.AmazonTest@57d7f8ca]" started-at="2022-02-11T17:16:31 IST" name="HomePageOperation1" finished-at="2022-02-11T17:16:37 IST" duration-ms="5993" status="PASS">
          <params>
            <param index="0">
              <value>
                <![CDATA[oneplus earbuds]]>
              </value>
            </param>
          </params>
          <reporter-output>
          </reporter-output>
        </test-method> <!-- HomePageOperation1 -->
        <test-method signature="HomePageOperation2()[pri:0, instance:test.AmazonTest@57d7f8ca]" started-at="2022-02-11T17:16:37 IST" name="HomePageOperation2" finished-at="2022-02-11T17:16:37 IST" duration-ms="385" status="PASS">
          <reporter-output>
          </reporter-output>
        </test-method> <!-- HomePageOperation2 -->
        <test-method signature="addToCartOperation()[pri:0, instance:test.AmazonTest@57d7f8ca]" started-at="2022-02-11T17:16:37 IST" name="addToCartOperation" finished-at="2022-02-11T17:16:45 IST" duration-ms="8213" status="PASS">
          <reporter-output>
          </reporter-output>
        </test-method> <!-- addToCartOperation -->
        <test-method is-config="true" signature="stop()[pri:0, instance:test.AmazonTest@57d7f8ca]" started-at="2022-02-11T17:16:45 IST" name="stop" finished-at="2022-02-11T17:16:45 IST" duration-ms="337" status="PASS">
          <reporter-output>
          </reporter-output>
        </test-method> <!-- stop -->
      </class> <!-- test.AmazonTest -->
    </test> <!-- Test -->
  </suite> <!-- Suite -->
</testng-results>
